nohup: ignoring input
β”β”€β”
β”‚[34m β€¦ [39mβ”‚
β”β”€β”¤
β”‚ β€¦ β”‚
β”‚ β€¦ β”‚
β”‚ β€¦ β”‚
β”‚ β€¦ β”‚
β”‚ β€¦ β”‚
β”‚ β€¦ β”‚
β”‚ β€¦ β”‚
β”‚ β€¦ β”‚
β”‚ β€¦ β”‚
β””β”€β”
β”β”€β”
β”‚[34m β€¦ [39mβ”‚
β”β”€β”¤
β”‚ β€¦ β”‚
β”‚ β€¦ β”‚
β”‚ β€¦ β”‚
β”‚ β€¦ β”‚
β”‚ β€¦ β”‚
β”‚ β€¦ β”‚
β”‚ β€¦ β”‚
β”‚ β€¦ β”‚
β”‚ β€¦ β”‚
β”‚ β€¦ β”‚
β”‚ β€¦ β”‚
β”‚ β€¦ β”‚
β”‚ β€¦ β”‚
β”‚ β€¦ β”‚
β”‚ β€¦ β”‚
β”‚ β€¦ β”‚
β”‚ β€¦ β”‚
β”‚ β€¦ β”‚
β”‚ β€¦ β”‚
β”‚ β€¦ β”‚
β”‚ β€¦ β”‚
β”‚ β€¦ β”‚
β”‚ β€¦ β”‚
β”‚ β€¦ β”‚
β”‚ β€¦ β”‚
β”‚ β€¦ β”‚
β””β”€β”
β”β”€β”
β”‚[34m β€¦ [39mβ”‚
β”β”€β”¤
β”‚ β€¦ β”‚
β””β”€β”
β”β”€β”
β”‚[34m β€¦ [39mβ”‚
β”β”€β”¤
β”‚ β€¦ β”‚
β”‚ β€¦ β”‚
β””β”€β”
- ζ­£ε¨ζ£€ζ¥θΏη¨‹ζ›΄ζ–°...
β“ ζ¬ε°ε·²ζ―ζ€ζ–°
- ζ­£ε¨ζ¨ι€δ»£η ...
β”β”€β”
β”‚[34m β€¦ [39mβ”‚
β”β”€β”¤
β”‚ β€¦ β”‚
β”‚ β€¦ β”‚
β”‚ β€¦ β”‚
β”‚ β€¦ β”‚
β”‚ β€¦ β”‚
β””β”€β”
β”β”€β”€β”€β”€β”€β”€β”€β”€β”€β”€β”€β”€β”€β”€β”€β”€β”€β”€β”€β”€β”€β”€β”€β”€β”€β”€β”€β”€β”€β”
β”‚ SUCCESS: ζδΊ¤ε®ζ           β”‚
β”‚ message: ζδΊ¤               β”‚
β”‚ time: 2/13/2025, 4:02:18 AM β”‚
β””β”€β”€β”€β”€β”€β”€β”€β”€β”€β”€β”€β”€β”€β”€β”€β”€β”€β”€β”€β”€β”€β”€β”€β”€β”€β”€β”€β”€β”€β”
